


---------
Time=1
ISTR=B0100 0000 0000
FNR=B1000 0000 0000 0000
RESET
 S
 S
 S
 S
 S
 S
 S
 S
 S
 S
 S
 S
 S
 S
 S
 S
 S
 S
 S
 S
 S
 S
 S
 S
 S


---------
Time=157
ISTR=B0101 0000 0000
FNR=B1000 0000 0000 0000
RESET


---------
Time=191
ISTR=B1000 0000 0001 0000
FNR=B1010 0000 0011 1001
EP=B1110 1010 0110 0000
Received in EP[0]: 
PMA[0]->Buffer 8 b: 0x80 0x6 0x0 0x1 0x0 0x0 0x40 0x0 
SETUP 
bmRequestType=B1000 0000
bRequest=6
wValue.H= 1
wValue.L= 0
wIndex= 0
wLength= 64
STANDARD GET_DESCRIPTOR DEVICE
Buffer->PMA[0] 16 b: 0x12 0x1 0x0 0x2 0x0 0x0 0x0 0x10 0x9 0x12 0x1 0x0 0x0 0x2 0x1 0x2 
Start TX 18 b 


---------
Time=191
ISTR=B1000 0000 0000 0000
FNR=B1010 0000 0011 1001
EP=B0111 0010 1010 0000
TX complete EP[0] 
Buffer->PMA[0] 2 b: 0x3 0x1 


---------
Time=191
ISTR=B1000 0000 0001 0000
FNR=B1010 0000 0011 1001
EP=B1010 0010 0011 0000
Received in EP[0]: 
PMA[0]->Buffer 0 b: 


---------
Time=248
ISTR=B0100 0000 0000
FNR=B1000 0000 0011 1001
RESET


---------
Time=281
ISTR=B0010 0000 0000
FNR=B1010 0000 1001 0100
EP=B1110 1010 0110 0000
Received in EP[0]: 
PMA[0]->Buffer 8 b: 0x0 0x5 0x8 0x0 0x0 0x0 0x0 0x0 
SETUP 
bmRequestType=B0000
bRequest=5
wValue.H= 0
wValue.L= 8
wIndex= 0
wLength= 0
STANDARD SET_ADDRESS
Start TX 0 b 


---------
Time=281
ISTR=B1000 0010 0000 0000
FNR=B1010 0000 1001 0100
EP=B0111 0010 1010 0000
TX complete EP[0]  End TX 


---------
Time=292
ISTR=B1000 0000 0001 0000
FNR=B1010 0000 1001 1110
EP=B1110 1010 0110 0000
Received in EP[0]: 
PMA[0]->Buffer 8 b: 0x80 0x6 0x0 0x1 0x0 0x0 0x12 0x0 
SETUP 
bmRequestType=B1000 0000
bRequest=6
wValue.H= 1
wValue.L= 0
wIndex= 0
wLength= 18
STANDARD GET_DESCRIPTOR DEVICE
Buffer->PMA[0] 16 b: 0x12 0x1 0x0 0x2 0x0 0x0 0x0 0x10 0x9 0x12 0x1 0x0 0x0 0x2 0x1 0x2 
Start TX 18 b 


---------
Time=292
ISTR=B0010 0000 0000
FNR=B1010 0000 1001 1111
EP=B0111 0010 1010 0000
TX complete EP[0] 
Buffer->PMA[0] 2 b: 0x3 0x1 


---------
Time=292
ISTR=B1000 0010 0000 0000
FNR=B1010 0000 1001 1111
EP=B1010 0010 1110 0000
Received in EP[0]: 
PMA[0]->Buffer 0 b: 
TX complete EP[0]  End TX 


---------
Time=294
ISTR=B1000 0000 0001 0000
FNR=B0110 0000 1010 0000
EP=B1110 1010 0110 0000
Received in EP[0]: 
PMA[0]->Buffer 8 b: 0x80 0x6 0x0 0x2 0x0 0x0 0xFF 0x0 
SETUP 
bmRequestType=B1000 0000
bRequest=6
wValue.H= 2
wValue.L= 0
wIndex= 0
wLength= 255
STANDARD GET_DESCRIPTOR CONFIG
Buffer->PMA[0] 16 b: 0x9 0x2 0x29 0x0 0x1 0x1 0x0 0x80 0x32 0x9 0x4 0x0 0x0 0x2 0x3 0x0 
Start TX 41 b 


---------
Time=294
ISTR=B1000 0000 0000 0000
FNR=B1010 0000 1010 0000
EP=B0111 0010 1010 0000
TX complete EP[0] 
Buffer->PMA[0] 16 b: 0x0 0x0 0x9 0x21 0x11 0x1 0x0 0x1 0x22 0xC6 0x0 0x7 0x5 0x81 0x3 0x10 


---------
Time=294
ISTR=B1000 0000 0000 0000
FNR=B1010 0000 1010 0000
EP=B0111 0010 1110 0000
TX complete EP[0] 
Buffer->PMA[0] 9 b: 0x0 0xA 0x7 0x5 0x1 0x3 0x10 0x0 0xA 


---------
Time=294
ISTR=B1000 0000 0000 0000
FNR=B1010 0000 1010 0000
EP=B1010 0010 1010 0000
Received in EP[0]: 
PMA[0]->Buffer 0 b: 
TX complete EP[0]  End TX 


---------
Time=294
ISTR=B1000 0000 0001 0000
FNR=B1010 0000 1010 0000
EP=B1111 1010 0110 0000
Received in EP[0]: 
PMA[0]->Buffer 8 b: 0x80 0x6 0x3 0x3 0x9 0x4 0xFF 0x0 
SETUP 
bmRequestType=B1000 0000
bRequest=6
wValue.H= 3
wValue.L= 3
wIndex= 9
wLength= 255
STANDARD GET_DESCRIPTOR STRING
Buffer->PMA[0] 12 b: 0xC 0x3 0x30 0x0 0x30 0x0 0x30 0x0 0x30 0x0 0x30 0x0 
Start TX 12 b 


---------
Time=294
ISTR=B0010 0000 0000
FNR=B1010 0000 1010 0001
EP=B1010 0010 1010 0000
Received in EP[0]: 
PMA[0]->Buffer 0 b: 
TX complete EP[0]  End TX 


---------
Time=294
ISTR=B1000 0010 0001 0000
FNR=B1010 0000 1010 0001
EP=B1111 1010 0110 0000
Received in EP[0]: 
PMA[0]->Buffer 8 b: 0x80 0x6 0x0 0x3 0x0 0x0 0xFF 0x0 
SETUP 
bmRequestType=B1000 0000
bRequest=6
wValue.H= 3
wValue.L= 0
wIndex= 0
wLength= 255
STANDARD GET_DESCRIPTOR STRING
Buffer->PMA[0] 4 b: 0x4 0x3 0x9 0x4 
Start TX 4 b 


---------
Time=294
ISTR=B1000 0010 0000 0000
FNR=B1010 0000 1010 0001
EP=B0111 0010 1010 0000
TX complete EP[0]  End TX 


---------
Time=295
ISTR=B1000 0000 0001 0000
FNR=B1010 0000 1010 0001
EP=B1010 0010 0010 0000
Received in EP[0]: 
PMA[0]->Buffer 0 b: 


---------
Time=295
ISTR=B1000 0000 0001 0000
FNR=B1010 0000 1010 0001
EP=B1110 1010 0110 0000
Received in EP[0]: 
PMA[0]->Buffer 8 b: 0x80 0x6 0x2 0x3 0x9 0x4 0xFF 0x0 
SETUP 
bmRequestType=B1000 0000
bRequest=6
wValue.H= 3
wValue.L= 2
wIndex= 9
wLength= 255
STANDARD GET_DESCRIPTOR STRING
Buffer->PMA[0] 16 b: 0x14 0x3 0x50 0x0 0x69 0x0 0x72 0x0 0x6F 0x0 0x6D 0x0 0x65 0x0 0x74 0x0 
Start TX 20 b 


---------
Time=295
ISTR=B0010 0000 0000
FNR=B1010 0000 1010 0010
EP=B0111 0010 1010 0000
TX complete EP[0] 
Buffer->PMA[0] 4 b: 0x65 0x0 0x72 0x0 


---------
Time=295
ISTR=B0010 0000 0000
FNR=B1010 0000 1010 0010
EP=B1010 0010 1110 0000
Received in EP[0]: 
PMA[0]->Buffer 0 b: 
TX complete EP[0]  End TX 


---------
Time=295
ISTR=B1000 0010 0001 0000
FNR=B0110 0000 1010 0010
EP=B1111 1010 0110 0000
Received in EP[0]: 
PMA[0]->Buffer 8 b: 0x80 0x6 0x0 0x6 0x0 0x0 0xA 0x0 
SETUP 
bmRequestType=B1000 0000
bRequest=6
wValue.H= 6
wValue.L= 0
wIndex= 0
wLength= 10
STANDARD GET_DESCRIPTOR QUALIF


---------
Time=295
ISTR=B0010 0000 0000
FNR=B1010 0000 1010 0010
STALL -> NAK


---------
Time=5385
ISTR=B1000 0000 0001 0000
FNR=B1010 0100 1000 0011
EP=B1110 1010 0110 0000
Received in EP[0]: 
PMA[0]->Buffer 8 b: 0x80 0x6 0x0 0x1 0x0 0x0 0x12 0x0 
SETUP 
bmRequestType=B1000 0000
bRequest=6
wValue.H= 1
wValue.L= 0
wIndex= 0
wLength= 18
STANDARD GET_DESCRIPTOR DEVICE
Buffer->PMA[0] 16 b: 0x12 0x1 0x0 0x2 0x0 0x0 0x0 0x10 0x9 0x12 0x1 0x0 0x0 0x2 0x1 0x2 
Start TX 18 b 


---------
Time=5386
ISTR=B1000 0000 0000 0000
FNR=B1010 0100 1000 0011
EP=B0111 0010 1010 0000
TX complete EP[0] 
Buffer->PMA[0] 2 b: 0x3 0x1 


---------
Time=5386
ISTR=B1000 0000 0000 0000
FNR=B1010 0100 1000 0011
EP=B1010 0010 1110 0000
Received in EP[0]: 
PMA[0]->Buffer 0 b: 
TX complete EP[0]  End TX 


---------
Time=5386
ISTR=B1000 0010 0001 0000
FNR=B1010 0100 1000 0100
EP=B1110 1010 0110 0000
Received in EP[0]: 
PMA[0]->Buffer 8 b: 0x80 0x6 0x0 0x2 0x0 0x0 0x9 0x0 
SETUP 
bmRequestType=B1000 0000
bRequest=6
wValue.H= 2
wValue.L= 0
wIndex= 0
wLength= 9
STANDARD GET_DESCRIPTOR CONFIG
Buffer->PMA[0] 9 b: 0x9 0x2 0x29 0x0 0x1 0x1 0x0 0x80 0x32 
Start TX 9 b 


---------
Time=5386
ISTR=B0010 0000 0000
FNR=B1010 0100 1000 0100
EP=B1010 0010 1010 0000
Received in EP[0]: 
PMA[0]->Buffer 0 b: 
TX complete EP[0]  End TX 


---------
Time=5386
ISTR=B0010 0000 0000
FNR=B1010 0100 1000 0100
EP=B1110 1010 0110 0000
Received in EP[0]: 
PMA[0]->Buffer 8 b: 0x80 0x6 0x0 0x2 0x0 0x0 0x29 0x0 
SETUP 
bmRequestType=B1000 0000
bRequest=6
wValue.H= 2
wValue.L= 0
wIndex= 0
wLength= 41
STANDARD GET_DESCRIPTOR CONFIG
Buffer->PMA[0] 16 b: 0x9 0x2 0x29 0x0 0x1 0x1 0x0 0x80 0x32 0x9 0x4 0x0 0x0 0x2 0x3 0x0 
Start TX 41 b 


---------
Time=5386
ISTR=B0010 0000 0000
FNR=B1010 0100 1000 0100
EP=B0111 0010 1010 0000
TX complete EP[0] 
Buffer->PMA[0] 16 b: 0x0 0x0 0x9 0x21 0x11 0x1 0x0 0x1 0x22 0xC6 0x0 0x7 0x5 0x81 0x3 0x10 


---------
Time=5386
ISTR=B0010 0000 0000
FNR=B1010 0100 1000 0100
EP=B0111 0010 1110 0000
TX complete EP[0] 
Buffer->PMA[0] 9 b: 0x0 0xA 0x7 0x5 0x1 0x3 0x10 0x0 0xA 


---------
Time=5386
ISTR=B0010 0000 0000
FNR=B1010 0100 1000 0100
EP=B1010 0010 1010 0000
Received in EP[0]: 
PMA[0]->Buffer 0 b: 
TX complete EP[0]  End TX 


---------
Time=5386
ISTR=B0010 0000 0000
FNR=B1010 0100 1000 0100
EP=B1110 1010 0110 0000
Received in EP[0]: 
PMA[0]->Buffer 8 b: 0x0 0x9 0x1 0x0 0x0 0x0 0x0 0x0 
SETUP 
bmRequestType=B0000
bRequest=9
wValue.H= 0
wValue.L= 1
wIndex= 0
wLength= 0
STANDARD SET_CONF
Start TX 0 b 


---------
Time=5386
ISTR=B0010 0000 0000
FNR=B1010 0100 1000 0101
EP=B0111 0010 1010 0000
TX complete EP[0]  End TX 


---------
Time=5387
ISTR=B1000 0000 0001 0000
FNR=B0110 0100 1000 0101
EP=B1110 1010 0110 0000
Received in EP[0]: 
PMA[0]->Buffer 8 b: 0x21 0xA 0x0 0x0 0x0 0x0 0x0 0x0 
SETUP 
bmRequestType=B0010 0001
bRequest=10
wValue.H= 0
wValue.L= 0
wIndex= 0
wLength= 0
CLASS HID SET_IDLE
Start TX 0 b 


---------
Time=5387
ISTR=B1000 0000 0000 0000
FNR=B1010 0100 1000 0101
EP=B0111 0010 1010 0000
TX complete EP[0]  End TX 


---------
Time=5387
ISTR=B1000 0000 0001 0000
FNR=B1010 0100 1000 0101
EP=B1110 1010 0110 0000
Received in EP[0]: 
PMA[0]->Buffer 8 b: 0x81 0x6 0x0 0x22 0x0 0x0 0x6 0x1 
SETUP 
bmRequestType=B1000 0001
bRequest=6
wValue.H= 34
wValue.L= 0
wIndex= 0
wLength= 262
STANDARD GET_DESCRIPTOR REPORT
Buffer->PMA[0] 16 b: 0x5 0x20 0x9 0x33 0xA1 0x0 0x5 0x20 0xA 0x4 0x3 0x15 0x20 0x26 0xFF 0xFF 
Start TX 198 b 


---------
Time=5388
ISTR=B0010 0000 0000
FNR=B1010 0100 1000 0110
EP=B0111 0010 1010 0000
TX complete EP[0] 
Buffer->PMA[0] 16 b: 0x75 0x10 0x95 0x1 0x55 0x0 0xB1 0x2 0xA 0xE 0x3 0x15 0x20 0x26 0xFF 0xFF 


---------
Time=5388
ISTR=B0010 0000 0000
FNR=B1010 0100 1000 0110
EP=B0111 0010 1110 0000
TX complete EP[0] 
Buffer->PMA[0] 16 b: 0x75 0x10 0x95 0x1 0x55 0x0 0xB1 0x2 0xA 0x34 0x24 0x16 0x1 0x80 0x26 0xFF 


---------
Time=5388
ISTR=B0010 0000 0000
FNR=B0110 0100 1000 0110
EP=B0111 0010 1010 0000
TX complete EP[0] 
Buffer->PMA[0] 16 b: 0x7F 0x75 0x10 0x95 0x1 0x55 0xE 0xB1 0x2 0xA 0x34 0x34 0x16 0x1 0x80 0x26 


---------
Time=5388
ISTR=B0010 0000 0000
FNR=B1010 0100 1000 0110
EP=B0111 0010 1110 0000
TX complete EP[0] 
Buffer->PMA[0] 16 b: 0xFF 0x7F 0x75 0x10 0x95 0x1 0x55 0xE 0xB1 0x2 0x5 0x20 0xA 0x1 0x2 0x15 


---------
Time=5388
ISTR=B0010 0000 0000
FNR=B0110 0100 1000 0110
EP=B0111 0010 1010 0000
TX complete EP[0] 
Buffer->PMA[0] 16 b: 0x0 0x25 0x6 0x75 0x8 0x95 0x1 0xA1 0x2 0xA 0x0 0x8 0xA 0x1 0x8 0xA 


---------
Time=5388
ISTR=B0010 0000 0000
FNR=B1010 0100 1000 0110
EP=B0111 0010 1110 0000
TX complete EP[0] 
Buffer->PMA[0] 16 b: 0x2 0x8 0xA 0x3 0x8 0xA 0x4 0x8 0xA 0x5 0x8 0xA 0x6 0x8 0x81 0x0 


---------
Time=5388
ISTR=B0010 0000 0000
FNR=B1010 0100 1000 0110
EP=B0111 0010 1010 0000
TX complete EP[0] 
Buffer->PMA[0] 16 b: 0xC0 0xA 0x2 0x2 0x15 0x0 0x25 0x10 0x75 0x8 0x95 0x1 0xA1 0x2 0xA 0x10 


---------
Time=5388
ISTR=B0010 0000 0000
FNR=B1010 0100 1000 0110
EP=B0111 0010 1110 0000
TX complete EP[0] 
Buffer->PMA[0] 16 b: 0x8 0xA 0x11 0x8 0xA 0x12 0x8 0xA 0x13 0x8 0xA 0x14 0x8 0xA 0x15 0x8 


---------
Time=5388
ISTR=B0010 0000 0000
FNR=B1010 0100 1000 0111
EP=B0111 0010 1010 0000
TX complete EP[0] 
Buffer->PMA[0] 16 b: 0xA 0x16 0x8 0xA 0x17 0x8 0xA 0x18 0x8 0xA 0x19 0x8 0xA 0x1A 0x8 0xA 


---------
Time=5388
ISTR=B0010 0000 0000
FNR=B1010 0100 1000 0111
EP=B0111 0010 1110 0000
TX complete EP[0] 
Buffer->PMA[0] 16 b: 0x1B 0x8 0xA 0x1C 0x8 0xA 0x1D 0x8 0xA 0x1E 0x8 0xA 0x1F 0x8 0xA 0x20 


---------
Time=5388
ISTR=B0010 0000 0000
FNR=B0110 0100 1000 0111
EP=B0111 0010 1010 0000
TX complete EP[0] 
Buffer->PMA[0] 16 b: 0x8 0x81 0x0 0xC0 0xA 0x34 0x4 0x16 0x1 0x80 0x26 0xFF 0x7F 0x75 0x10 0x95 


---------
Time=5388
ISTR=B0010 0000 0000
FNR=B1010 0100 1000 0111
EP=B0111 0010 1110 0000
TX complete EP[0] 
Buffer->PMA[0] 6 b: 0x1 0x55 0xE 0x81 0x2 0xC0 


---------
Time=5388
ISTR=B0010 0000 0000
FNR=B1010 0100 1000 0111
EP=B1010 0010 1010 0000
Received in EP[0]: 
PMA[0]->Buffer 0 b: 
TX complete EP[0]  End TX 


---------
Time=5406
ISTR=B1000 0000 0001 0000
FNR=B0110 0100 1001 1001
EP=B1110 1010 0110 0000
Received in EP[0]: 
PMA[0]->Buffer 8 b: 0x80 0x6 0x1 0x3 0x9 0x4 0xFE 0x0 
SETUP 
bmRequestType=B1000 0000
bRequest=6
wValue.H= 3
wValue.L= 1
wIndex= 9
wLength= 254
STANDARD GET_DESCRIPTOR STRING
Buffer->PMA[0] 16 b: 0x24 0x3 0x4D 0x0 0x61 0x0 0x78 0x0 0x69 0x0 0x6D 0x0 0x6F 0x0 0x20 0x0 
Start TX 36 b 


---------
Time=5406
ISTR=B1000 0000 0000 0000
FNR=B1010 0100 1001 1001
EP=B0111 0010 1010 0000
TX complete EP[0] 
Buffer->PMA[0] 16 b: 0x54 0x0 0x65 0x0 0x63 0x0 0x68 0x0 0x6E 0x0 0x6F 0x0 0x6C 0x0 0x6F 0x0 


---------
Time=5406
ISTR=B1000 0000 0000 0000
FNR=B1010 0100 1001 1001
EP=B0111 0010 1110 0000
TX complete EP[0] 
Buffer->PMA[0] 4 b: 0x67 0x0 0x79 0x0 


---------
Time=5407
ISTR=B1000 0000 0000 0000
FNR=B1010 0100 1001 1001
EP=B1010 0010 1010 0000
Received in EP[0]: 
PMA[0]->Buffer 0 b: 
TX complete EP[0]  End TX 


---------
Time=5407
ISTR=B1000 0000 0001 0000
FNR=B1010 0100 1001 1001
EP=B1110 1010 0110 0000
Received in EP[0]: 
PMA[0]->Buffer 8 b: 0x80 0x6 0x2 0x3 0x9 0x4 0xFE 0x0 
SETUP 
bmRequestType=B1000 0000
bRequest=6
wValue.H= 3
wValue.L= 2
wIndex= 9
wLength= 254
STANDARD GET_DESCRIPTOR STRING
Buffer->PMA[0] 16 b: 0x14 0x3 0x50 0x0 0x69 0x0 0x72 0x0 0x6F 0x0 0x6D 0x0 0x65 0x0 0x74 0x0 
Start TX 20 b 


---------
Time=5407
ISTR=B1000 0010 0000 0000
FNR=B1010 0100 1001 1010
EP=B0111 0010 1010 0000
TX complete EP[0] 
Buffer->PMA[0] 4 b: 0x65 0x0 0x72 0x0 


---------
Time=5407
ISTR=B0010 0000 0000
FNR=B1010 0100 1001 1010
EP=B1010 0010 1110 0000
Received in EP[0]: 
PMA[0]->Buffer 0 b: 
TX complete EP[0]  End TX 


---------
Time=5407
ISTR=B0010 0000 0000
FNR=B1010 0100 1001 1010
EP=B1110 1010 0110 0000
Received in EP[0]: 
PMA[0]->Buffer 8 b: 0x80 0x6 0x3 0x3 0x9 0x4 0xFE 0x0 
SETUP 
bmRequestType=B1000 0000
bRequest=6
wValue.H= 3
wValue.L= 3
wIndex= 9
wLength= 254
STANDARD GET_DESCRIPTOR STRING
Buffer->PMA[0] 12 b: 0xC 0x3 0x30 0x0 0x30 0x0 0x30 0x0 0x30 0x0 0x30 0x0 
Start TX 12 b 


---------
Time=5407
ISTR=B0010 0000 0000
FNR=B1010 0100 1001 1010
EP=B1010 0010 1010 0000
Received in EP[0]: 
PMA[0]->Buffer 0 b: 
TX complete EP[0]  End TX 


---------
Time=5409
ISTR=B1000 0000 0001 0000
FNR=B1010 0100 1001 1011
EP=B1110 1010 0110 0000
Received in EP[0]: 
PMA[0]->Buffer 8 b: 0xA1 0x1 0x0 0x3 0x0 0x0 0x8 0x0 
SETUP 
bmRequestType=B1010 0001
bRequest=1
wValue.H= 3
wValue.L= 0
wIndex= 0
wLength= 8
CLASS HID GET REPORT FEATURE
Buffer->PMA[0] 8 b: 0xA 0x0 0xFA 0x0 0x98 0x3A 0x60 0xF0 
Start TX 8 b 


---------
Time=5409
ISTR=B1000 0000 0001 0000
FNR=B0110 0100 1001 1011
EP=B1010 0010 1010 0000
Received in EP[0]: 
PMA[0]->Buffer 0 b: 
TX complete EP[0]  End TX 


---------
Time=5417
ISTR=B1000 0000 0001 0000
FNR=B0010 0100 1010 0100
EP=B1110 1010 0110 0000
Received in EP[0]: 
PMA[0]->Buffer 8 b: 0xA1 0x1 0x0 0x3 0x0 0x0 0x8 0x0 
SETUP 
bmRequestType=B1010 0001
bRequest=1
wValue.H= 3
wValue.L= 0
wIndex= 0
wLength= 8
CLASS HID GET REPORT FEATURE
Buffer->PMA[0] 8 b: 0xA 0x0 0xFA 0x0 0x98 0x3A 0x60 0xF0 
Start TX 8 b 


---------
Time=5417
ISTR=B1000 0000 0001 0000
FNR=B1010 0100 1010 0100
EP=B1010 0010 1010 0000
Received in EP[0]: 
PMA[0]->Buffer 0 b: 
TX complete EP[0]  End TX 


---------
Time=5417
ISTR=B1000 0000 0001 0000
FNR=B1010 0100 1010 0100
EP=B1110 1010 0110 0000
Received in EP[0]: 
PMA[0]->Buffer 8 b: 0x21 0x9 0x0 0x3 0x0 0x0 0x8 0x0 
SETUP 
bmRequestType=B0010 0001
bRequest=9
wValue.H= 3
wValue.L= 0
wIndex= 0
wLength= 8
Assembing transaction


---------
Time=5418
ISTR=B1000 0000 0001 0000
FNR=B0110 0100 1010 0100
EP=B1010 0010 0110 0000
Received in EP[0]: 
PMA[0]->Buffer 8 b: 0xA 0x0 0x64 0x0 0x98 0x3A 0x60 0xF0 
CLASS HID SET_REPORT FEATURE
Start TX 0 b 


---------
Time=5418
ISTR=B1000 0000 0000 0000
FNR=B1010 0100 1010 0100
EP=B0011 0010 1010 0000
TX complete EP[0]  End TX 


---------
Time=5418
ISTR=B0010 0000 0000
FNR=B1010 0100 1010 0101
EP=B1110 1010 0110 0000
Received in EP[0]: 
PMA[0]->Buffer 8 b: 0xA1 0x1 0x0 0x3 0x0 0x0 0x8 0x0 
SETUP 
bmRequestType=B1010 0001
bRequest=1
wValue.H= 3
wValue.L= 0
wIndex= 0
wLength= 8
CLASS HID GET REPORT FEATURE
Buffer->PMA[0] 8 b: 0xA 0x0 0x64 0x0 0x98 0x3A 0x60 0xF0 
Start TX 8 b 


---------
Time=5418
ISTR=B0010 0000 0000
FNR=B1010 0100 1010 0101
EP=B1010 0010 1010 0000
Received in EP[0]: 
PMA[0]->Buffer 0 b: 
TX complete EP[0]  End TX 


---------
Time=5425
ISTR=B1000 0000 0001 0000
FNR=B1010 0100 1010 1100
EP=B1110 1010 0110 0000
Received in EP[0]: 
PMA[0]->Buffer 8 b: 0xA1 0x1 0x0 0x3 0x0 0x0 0x8 0x0 
SETUP 
bmRequestType=B1010 0001
bRequest=1
wValue.H= 3
wValue.L= 0
wIndex= 0
wLength= 8
CLASS HID GET REPORT FEATURE
Buffer->PMA[0] 8 b: 0xA 0x0 0x64 0x0 0x98 0x3A 0x60 0xF0 
Start TX 8 b 


---------
Time=5426
ISTR=B1000 0000 0000 0000
FNR=B1010 0100 1010 1100
EP=B1010 0010 1010 0000
Received in EP[0]: 
PMA[0]->Buffer 0 b: 
TX complete EP[0]  End TX 


---------
Time=5426
ISTR=B1000 0000 0001 0000
FNR=B1010 0100 1010 1100
EP=B1110 1010 0110 0000
Received in EP[0]: 
PMA[0]->Buffer 8 b: 0x21 0x9 0x0 0x3 0x0 0x0 0x8 0x0 
SETUP 
bmRequestType=B0010 0001
bRequest=9
wValue.H= 3
wValue.L= 0
wIndex= 0
wLength= 8
Assembing transaction


---------
Time=5426
ISTR=B0010 0000 0000
FNR=B1010 0100 1010 1101
EP=B1010 0010 0110 0000
Received in EP[0]: 
PMA[0]->Buffer 8 b: 0xA 0x0 0xA 0x0 0x98 0x3A 0x60 0xF0 
CLASS HID SET_REPORT FEATURE
Start TX 0 b 


---------
Time=5426
ISTR=B0010 0000 0000
FNR=B1010 0100 1010 1101
EP=B0011 0010 1010 0000
TX complete EP[0]  End TX 


---------
Time=5426
ISTR=B1000 0000 0001 0000
FNR=B0110 0100 1010 1101
EP=B1110 1010 0110 0000
Received in EP[0]: 
PMA[0]->Buffer 8 b: 0xA1 0x1 0x0 0x3 0x0 0x0 0x8 0x0 
SETUP 
bmRequestType=B1010 0001
bRequest=1
wValue.H= 3
wValue.L= 0
wIndex= 0
wLength= 8
CLASS HID GET REPORT FEATURE
Buffer->PMA[0] 8 b: 0xA 0x0 0xA 0x0 0x98 0x3A 0x60 0xF0 
Start TX 8 b 


---------
Time=5426
ISTR=B1000 0000 0000 0000
FNR=B1010 0100 1010 1101
EP=B1010 0010 1010 0000
Received in EP[0]: 
PMA[0]->Buffer 0 b: 
TX complete EP[0]  End TX 


----- TAKT # 405
SR1=B0000
SR2=B0000
START sent

TAKT # 2824
SR1=B0001
SR2=B0011
ADDR | W sent

TAKT # 10402
SR1=B1000 0010
SR2=B0111
COMMAND sent

TAKT # 12940
SR1=B1000 0000
SR2=B0111
RESTART sent

TAKT # 18412
SR1=B1000 0100
SR2=B0111

TAKT # 20578
SR1=B0001
SR2=B0011
ADDR | R sent

TAKT # 5699
SR1=B0010
SR2=B0011
Wait Data NACK

TAKT # 18659
SR1=B0100 0100
SR2=B0011
Stop sent,wData=0x39AF


----- TAKT # 405
SR1=B0000
SR2=B0000
START sent

TAKT # 2746
SR1=B0001
SR2=B0011
ADDR | W sent

TAKT # 10324
SR1=B1000 0010
SR2=B0111
COMMAND sent

TAKT # 18340
SR1=B1000 0100
SR2=B0111
RESTART sent

TAKT # 20980
SR1=B0001
SR2=B0011
ADDR | R sent


---------
Time=5446
ISTR=B0010 0000 0000
FNR=B1010 0100 1100 0001
Buffer->PMA[1] 4 b: 0x1 0x3 0xAB 0x8 

TAKT # 5687
SR1=B0010
SR2=B0011
Wait Data NACK

TAKT # 18635
SR1=B0100 0100
SR2=B0011
Stop sent,wData=0x39AF


---------
Time=5453
ISTR=B0010 0000 0000
FNR=B1010 0100 1100 1000
EP=B0011 0110 1110 0001
TX complete EP[1]  End TX 


----- TAKT # 405
SR1=B0000
SR2=B0000
START sent

TAKT # 2818
SR1=B0001
SR2=B0011
ADDR | W sent

TAKT # 10396
SR1=B1000 0010
SR2=B0111
COMMAND sent

TAKT # 18406
SR1=B1000 0100
SR2=B0111
RESTART sent

TAKT # 21046
SR1=B0001
SR2=B0011
ADDR | R sent

TAKT # 5855
SR1=B0010
SR2=B0011
Wait Data NACK

TAKT # 18815
SR1=B0100 0100
SR2=B0011
Stop sent,wData=0x39AF


----- TAKT # 405
SR1=B0000
SR2=B0000
START sent

TAKT # 2746
SR1=B0001
SR2=B0011
ADDR | W sent

TAKT # 10324
SR1=B1000 0010
SR2=B0111
COMMAND sent

TAKT # 18334
SR1=B1000 0100
SR2=B0111
RESTART sent

TAKT # 20974
SR1=B0001
SR2=B0011
ADDR | R sent

TAKT # 5675
SR1=B0010
SR2=B0011
Wait Data NACK

TAKT # 18635
SR1=B0100 0100
SR2=B0011
Stop sent,wData=0x39AF


----- TAKT # 405
SR1=B0000
SR2=B0000
START sent

TAKT # 2818
SR1=B0001
SR2=B0011
ADDR | W sent

TAKT # 10396
SR1=B1000 0010
SR2=B0111
COMMAND sent

TAKT # 18406
SR1=B1000 0100
SR2=B0111
RESTART sent

TAKT # 21046
SR1=B0001
SR2=B0011
ADDR | R sent

TAKT # 5747
SR1=B0010
SR2=B0011
Wait Data NACK

TAKT # 18707
SR1=B0100 0100
SR2=B0011
Stop sent,wData=0x39A6


----- TAKT # 405
SR1=B0000
SR2=B0000
START sent

TAKT # 2626
SR1=B0001
SR2=B0011
ADDR | W sent

TAKT # 10204
SR1=B1000 0010
SR2=B0111
COMMAND sent

TAKT # 18214
SR1=B1000 0100
SR2=B0111
RESTART sent

TAKT # 20920
SR1=B0001
SR2=B0011
ADDR | R sent


---------
Time=5486
ISTR=B0010 0000 0000
FNR=B1010 0100 1110 1001
Buffer->PMA[1] 4 b: 0x1 0x3 0x99 0x8 

TAKT # 5687
SR1=B0010
SR2=B0011
Wait Data NACK

TAKT # 18647
SR1=B0100 0100
SR2=B0011
Stop sent,wData=0x39A6


---------
Time=5493
ISTR=B0010 0000 0000
FNR=B1010 0100 1111 0000
EP=B0011 0110 1010 0001
TX complete EP[1]  End TX 


----- TAKT # 405
SR1=B0000
SR2=B0000
START sent

TAKT # 2824
SR1=B0001
SR2=B0011
ADDR | W sent

TAKT # 10402
SR1=B1000 0010
SR2=B0111
COMMAND sent

TAKT # 18412
SR1=B1000 0100
SR2=B0111
RESTART sent

TAKT # 21052
SR1=B0001
SR2=B0011
ADDR | R sent

TAKT # 5747
SR1=B0010
SR2=B0011
Wait Data NACK

TAKT # 18707
SR1=B0100 0100
SR2=B0011
Stop sent,wData=0x39A6


----- TAKT # 405
SR1=B0000
SR2=B0000
START sent

TAKT # 2626
SR1=B0001
SR2=B0011
ADDR | W sent

TAKT # 10204
SR1=B1000 0010
SR2=B0111
COMMAND sent

TAKT # 18214
SR1=B1000 0100
SR2=B0111
RESTART sent

TAKT # 20854
SR1=B0001
SR2=B0011
ADDR | R sent

TAKT # 5603
SR1=B0010
SR2=B0011
Wait Data NACK

TAKT # 18563
SR1=B0100 0100
SR2=B0011
Stop sent,wData=0x39A6


----- TAKT # 405
SR1=B0000
SR2=B0000
START sent

TAKT # 2818
SR1=B0001
SR2=B0011
ADDR | W sent

TAKT # 10396
SR1=B1000 0010
SR2=B0111
COMMAND sent

TAKT # 18406
SR1=B1000 0100
SR2=B0111
RESTART sent

TAKT # 21046
SR1=B0001
SR2=B0011
ADDR | R sent

TAKT # 5753
SR1=B0010
SR2=B0011
Wait Data NACK

TAKT # 18713
SR1=B0100 0100
SR2=B0011
Stop sent,wData=0x39A6


----- TAKT # 405
SR1=B0000
SR2=B0000
START sent

TAKT # 2746
SR1=B0001
SR2=B0011
ADDR | W sent

TAKT # 10324
SR1=B1000 0010
SR2=B0111
COMMAND sent

TAKT # 18334
SR1=B1000 0100
SR2=B0111
RESTART sent

TAKT # 20974
SR1=B0001
SR2=B0011
ADDR | R sent

TAKT # 5624
SR1=B0010
SR2=B0011
Wait Data NACK

TAKT # 18584
SR1=B0100 0100
SR2=B0011
Stop sent,wData=0x39A6


----- TAKT # 405
SR1=B0000
SR2=B0000
START sent

TAKT # 2818
SR1=B0001
SR2=B0011
ADDR | W sent

TAKT # 10396
SR1=B1000 0010
SR2=B0111
COMMAND sent

TAKT # 18406
SR1=B1000 0100
SR2=B0111
RESTART sent

TAKT # 21046
SR1=B0001
SR2=B0011
ADDR | R sent

TAKT # 5642
SR1=B0010
SR2=B0011
Wait Data NACK

TAKT # 18602
SR1=B0100 0100
SR2=B0011
Stop sent,wData=0x39A6


----- TAKT # 405
SR1=B0000
SR2=B0000
START sent

TAKT # 2632
SR1=B0001
SR2=B0011
ADDR | W sent

TAKT # 10210
SR1=B1000 0010
SR2=B0111
COMMAND sent

TAKT # 18220
SR1=B1000 0100
SR2=B0111
RESTART sent

TAKT # 20860
SR1=B0001
SR2=B0011
ADDR | R sent

TAKT # 5405
SR1=B0010
SR2=B0011
Wait Data NACK

TAKT # 18365
SR1=B0100 0100
SR2=B0011
Stop sent,wData=0x39A6


----- TAKT # 405
SR1=B0000
SR2=B0000
START sent

TAKT # 2824
SR1=B0001
SR2=B0011
ADDR | W sent

TAKT # 10402
SR1=B1000 0010
SR2=B0111
COMMAND sent

TAKT # 18412
SR1=B1000 0100
SR2=B0111
RESTART sent

TAKT # 21052
SR1=B0001
SR2=B0011
ADDR | R sent

TAKT # 5543
SR1=B0010
SR2=B0011
Wait Data NACK

TAKT # 18503
SR1=B0100 0100
SR2=B0011
Stop sent,wData=0x39A6


----- TAKT # 405
SR1=B0000
SR2=B0000
START sent

TAKT # 2746
SR1=B0001
SR2=B0011
ADDR | W sent

TAKT # 10324
SR1=B1000 0010
SR2=B0111
COMMAND sent

TAKT # 18334
SR1=B1000 0100
SR2=B0111
RESTART sent

TAKT # 20974
SR1=B0001
SR2=B0011
ADDR | R sent

TAKT # 5411
SR1=B0010
SR2=B0011
Wait Data NACK

TAKT # 18371
SR1=B0100 0100
SR2=B0011
Stop sent,wData=0x39A8


----- TAKT # 405
SR1=B0000
SR2=B0000
START sent

TAKT # 2818
SR1=B0001
SR2=B0011
ADDR | W sent

TAKT # 10396
SR1=B1000 0010
SR2=B0111
COMMAND sent

TAKT # 18406
SR1=B1000 0100
SR2=B0111
RESTART sent

TAKT # 21046
SR1=B0001
SR2=B0011
ADDR | R sent


---------
Time=5576
ISTR=B0010 0000 0000
FNR=B1010 0101 0100 0011
Buffer->PMA[1] 4 b: 0x1 0x3 0x9D 0x8 

TAKT # 5534
SR1=B0010
SR2=B0011
Wait Data NACK

TAKT # 18494
SR1=B0100 0100
SR2=B0011
Stop sent,wData=0x39A8


---------
Time=5581
ISTR=B0010 0000 0000
FNR=B1010 0101 0100 1000
EP=B0011 0110 1110 0001
TX complete EP[1]  End TX 


----- TAKT # 405
SR1=B0000
SR2=B0000
START sent

TAKT # 2746
SR1=B0001
SR2=B0011
ADDR | W sent

TAKT # 10324
SR1=B1000 0010
SR2=B0111
COMMAND sent

TAKT # 18334
SR1=B1000 0100
SR2=B0111
RESTART sent

TAKT # 20974
SR1=B0001
SR2=B0011
ADDR | R sent

TAKT # 5309
SR1=B0010
SR2=B0011
Wait Data NACK

TAKT # 18269
SR1=B0100 0100
SR2=B0011
Stop sent,wData=0x39A8


----- TAKT # 405
SR1=B0000
SR2=B0000
START sent

TAKT # 2818
SR1=B0001
SR2=B0011
ADDR | W sent

TAKT # 10396
SR1=B1000 0010
SR2=B0111
COMMAND sent

TAKT # 18406
SR1=B1000 0100
SR2=B0111
RESTART sent

TAKT # 21046
SR1=B0001
SR2=B0011
ADDR | R sent

TAKT # 5333
SR1=B0010
SR2=B0011
Wait Data NACK

TAKT # 18293
SR1=B0100 0100
SR2=B0011
Stop sent,wData=0x39A8


----- TAKT # 405
SR1=B0000
SR2=B0000
START sent

TAKT # 2626
SR1=B0001
SR2=B0011
ADDR | W sent

TAKT # 10204
SR1=B1000 0010
SR2=B0111
COMMAND sent

TAKT # 18214
SR1=B1000 0100
SR2=B0111
RESTART sent

TAKT # 20854
SR1=B0001
SR2=B0011
ADDR | R sent

TAKT # 5081
SR1=B0010
SR2=B0011
Wait Data NACK

TAKT # 18041
SR1=B0100 0100
SR2=B0011
Stop sent,wData=0x39A8


----- TAKT # 405
SR1=B0000
SR2=B0000
START sent

TAKT # 2818
SR1=B0001
SR2=B0011
ADDR | W sent

TAKT # 10396
SR1=B1000 0010
SR2=B0111
COMMAND sent

TAKT # 18406
SR1=B1000 0100
SR2=B0111
RESTART sent

TAKT # 21046
SR1=B0001
SR2=B0011
ADDR | R sent

TAKT # 5228
SR1=B0010
SR2=B0011
Wait Data NACK

TAKT # 18188
SR1=B0100 0100
SR2=B0011
Stop sent,wData=0x39A8


----- TAKT # 405
SR1=B0000
SR2=B0000
START sent

TAKT # 2746
SR1=B0001
SR2=B0011
ADDR | W sent

TAKT # 10324
SR1=B1000 0010
SR2=B0111
COMMAND sent

TAKT # 18334
SR1=B1000 0100
SR2=B0111
RESTART sent

TAKT # 20974
SR1=B0001
SR2=B0011
ADDR | R sent

TAKT # 5096
SR1=B0010
SR2=B0011
Wait Data NACK

TAKT # 18056
SR1=B0100 0100
SR2=B0011
Stop sent,wData=0x39A8


----- TAKT # 405
SR1=B0000
SR2=B0000
START sent

TAKT # 2824
SR1=B0001
SR2=B0011
ADDR | W sent

TAKT # 10402
SR1=B1000 0010
SR2=B0111
COMMAND sent

TAKT # 18412
SR1=B1000 0100
SR2=B0111
RESTART sent

TAKT # 21052
SR1=B0001
SR2=B0011
ADDR | R sent

TAKT # 5117
SR1=B0010
SR2=B0011
Wait Data NACK

TAKT # 18077
SR1=B0100 0100
SR2=B0011
Stop sent,wData=0x39A8


----- TAKT # 405
SR1=B0000
SR2=B0000
START sent

TAKT # 2626
SR1=B0001
SR2=B0011
ADDR | W sent

TAKT # 10204
SR1=B1000 0010
SR2=B0111
COMMAND sent

TAKT # 18214
SR1=B1000 0100
SR2=B0111
RESTART sent

TAKT # 20854
SR1=B0001
SR2=B0011
ADDR | R sent

TAKT # 4874
SR1=B0010
SR2=B0011
Wait Data NACK

TAKT # 17834
SR1=B0100 0100
SR2=B0011
Stop sent,wData=0x39A8


----- TAKT # 405
SR1=B0000
SR2=B0000
START sent

TAKT # 2818
SR1=B0001
SR2=B0011
ADDR | W sent

TAKT # 10396
SR1=B1000 0010
SR2=B0111
COMMAND sent

TAKT # 18406
SR1=B1000 0100
SR2=B0111
RESTART sent

TAKT # 21046
SR1=B0001
SR2=B0011
ADDR | R sent

TAKT # 5012
SR1=B0010
SR2=B0011
Wait Data NACK

TAKT # 17972
SR1=B0100 0100
SR2=B0011
Stop sent,wData=0x39A8


----- TAKT # 405
SR1=B0000
SR2=B0000
START sent

TAKT # 2746
SR1=B0001
SR2=B0011
ADDR | W sent

TAKT # 10324
SR1=B1000 0010
SR2=B0111
COMMAND sent

TAKT # 18334
SR1=B1000 0100
SR2=B0111
RESTART sent

TAKT # 20974
SR1=B0001
SR2=B0011
ADDR | R sent

TAKT # 4889
SR1=B0010
SR2=B0011
Wait Data NACK

TAKT # 17849
SR1=B0100 0100
SR2=B0011
Stop sent,wData=0x39A6


----- TAKT # 405
SR1=B0000
SR2=B0000
START sent

TAKT # 2824
SR1=B0001
SR2=B0011
ADDR | W sent

TAKT # 10402
SR1=B1000 0010
SR2=B0111
COMMAND sent

TAKT # 18412
SR1=B1000 0100
SR2=B0111
RESTART sent

TAKT # 21052
SR1=B0001
SR2=B0011
ADDR | R sent


---------
Time=5676
ISTR=B0010 0000 0000
FNR=B1010 0101 1010 0111
Buffer->PMA[1] 4 b: 0x1 0x3 0x99 0x8 

TAKT # 5516
SR1=B0010
SR2=B0011
Wait Data NACK

TAKT # 18188
SR1=B0100 0100
SR2=B0011
Stop sent,wData=0x39A6


---------
Time=5677
ISTR=B0010 0000 0000
FNR=B1010 0101 1010 1000
EP=B0011 0110 1010 0001
TX complete EP[1]  End TX 


----- TAKT # 405
SR1=B0000
SR2=B0000
START sent

TAKT # 2746
SR1=B0001
SR2=B0011
ADDR | W sent

TAKT # 10324
SR1=B1000 0010
SR2=B0111
COMMAND sent

TAKT # 18334
SR1=B1000 0100
SR2=B0111
RESTART sent

TAKT # 20974
SR1=B0001
SR2=B0011
ADDR | R sent

TAKT # 4781
SR1=B0010
SR2=B0011
Wait Data NACK

TAKT # 17741
SR1=B0100 0100
SR2=B0011
Stop sent,wData=0x39A6


----- TAKT # 405
SR1=B0000
SR2=B0000
START sent

TAKT # 2818
SR1=B0001
SR2=B0011
ADDR | W sent

TAKT # 10396
SR1=B1000 0010
SR2=B0111
COMMAND sent

TAKT # 18406
SR1=B1000 0100
SR2=B0111
RESTART sent

TAKT # 21046
SR1=B0001
SR2=B0011
ADDR | R sent

TAKT # 4808
SR1=B0010
SR2=B0011
Wait Data NACK

TAKT # 17768
SR1=B0100 0100
SR2=B0011
Stop sent,wData=0x39A6


----- TAKT # 405
SR1=B0000
SR2=B0000
START sent

TAKT # 2626
SR1=B0001
SR2=B0011
ADDR | W sent

TAKT # 10204
SR1=B1000 0010
SR2=B0111
COMMAND sent

TAKT # 18214
SR1=B1000 0100
SR2=B0111
RESTART sent

TAKT # 20854
SR1=B0001
SR2=B0011
ADDR | R sent

TAKT # 4559
SR1=B0010
SR2=B0011
Wait Data NACK

TAKT # 17519
SR1=B0100 0100
SR2=B0011
Stop sent,wData=0x39A6


----- TAKT # 405
SR1=B0000
SR2=B0000
START sent

TAKT # 2818
SR1=B0001
SR2=B0011
ADDR | W sent

TAKT # 10396
SR1=B1000 0010
SR2=B0111
COMMAND sent

TAKT # 18406
SR1=B1000 0100
SR2=B0111
RESTART sent

TAKT # 21046
SR1=B0001
SR2=B0011
ADDR | R sent

TAKT # 4697
SR1=B0010
SR2=B0011
Wait Data NACK

TAKT # 17657
SR1=B0100 0100
SR2=B0011
Stop sent,wData=0x39A6


----- TAKT # 405
SR1=B0000
SR2=B0000
START sent

TAKT # 2746
SR1=B0001
SR2=B0011
ADDR | W sent

TAKT # 10324
SR1=B1000 0010
SR2=B0111
COMMAND sent

TAKT # 18334
SR1=B1000 0100
SR2=B0111
RESTART sent

TAKT # 20974
SR1=B0001
SR2=B0011
ADDR | R sent

TAKT # 4580
SR1=B0010
SR2=B0011
Wait Data NACK

TAKT # 17540
SR1=B0100 0100
SR2=B0011
Stop sent,wData=0x39A6


----- TAKT # 405
SR1=B0000
SR2=B0000
START sent

TAKT # 2902
SR1=B0001
SR2=B0011
ADDR | W sent

TAKT # 10480
SR1=B1000 0010
SR2=B0111
COMMAND sent

TAKT # 18490
SR1=B1000 0100
SR2=B0111
RESTART sent

TAKT # 21130
SR1=B0001
SR2=B0011
ADDR | R sent

TAKT # 4676
SR1=B0010
SR2=B0011
Wait Data NACK

TAKT # 17636
SR1=B0100 0100
SR2=B0011
Stop sent,wData=0x39A6


----- TAKT # 405
SR1=B0000
SR2=B0000
START sent

TAKT # 2632
SR1=B0001
SR2=B0011
ADDR | W sent

TAKT # 10210
SR1=B1000 0010
SR2=B0111
COMMAND sent

TAKT # 18220
SR1=B1000 0100
SR2=B0111
RESTART sent

TAKT # 20860
SR1=B0001
SR2=B0011
ADDR | R sent

TAKT # 4352
SR1=B0010
SR2=B0011
Wait Data NACK

TAKT # 17312
SR1=B0100 0100
SR2=B0011
Stop sent,wData=0x39A6


----- TAKT # 405
SR1=B0000
SR2=B0000
START sent

TAKT # 2824
SR1=B0001
SR2=B0011
ADDR | W sent

TAKT # 10402
SR1=B1000 0010
SR2=B0111
COMMAND sent

TAKT # 18412
SR1=B1000 0100
SR2=B0111
RESTART sent

TAKT # 21052
SR1=B0001
SR2=B0011
ADDR | R sent

TAKT # 4493
SR1=B0010
SR2=B0011
Wait Data NACK

TAKT # 17453
SR1=B0100 0100
SR2=B0011
Stop sent,wData=0x39A6


----- TAKT # 405
SR1=B0000
SR2=B0000
START sent

TAKT # 2746
SR1=B0001
SR2=B0011
ADDR | W sent

TAKT # 10324
SR1=B1000 0010
SR2=B0111
COMMAND sent

TAKT # 18334
SR1=B1000 0100
SR2=B0111
RESTART sent

TAKT # 20974
SR1=B0001
SR2=B0011
ADDR | R sent

TAKT # 4364
SR1=B0010
SR2=B0011
Wait Data NACK

TAKT # 17324
SR1=B0100 0100
SR2=B0011
Stop sent,wData=0x39A8


----- TAKT # 405
SR1=B0000
SR2=B0000
START sent

TAKT # 2824
SR1=B0001
SR2=B0011
ADDR | W sent

TAKT # 10402
SR1=B1000 0010
SR2=B0111
COMMAND sent

TAKT # 18412
SR1=B1000 0100
SR2=B0111
RESTART sent

TAKT # 21052
SR1=B0001
SR2=B0011
ADDR | R sent


---------
Time=5776
ISTR=B0010 0000 0000
FNR=B1010 0110 0000 1011
Buffer->PMA[1] 4 b: 0x1 0x3 0x9D 0x8 

TAKT # 5522
SR1=B0010
SR2=B0011
Wait Data NACK

TAKT # 18194
SR1=B0100 0100
SR2=B0011
Stop sent,wData=0x39A8


---------
Time=5781
ISTR=B0010 0000 0000
FNR=B1010 0110 0001 0000
EP=B0011 0110 1110 0001
TX complete EP[1]  End TX 


----- TAKT # 405
SR1=B0000
SR2=B0000
START sent

TAKT # 2746
SR1=B0001
SR2=B0011
ADDR | W sent

TAKT # 10324
SR1=B1000 0010
SR2=B0111
COMMAND sent

TAKT # 18334
SR1=B1000 0100
SR2=B0111
RESTART sent

TAKT # 20974
SR1=B0001
SR2=B0011
ADDR | R sent

TAKT # 4259
SR1=B0010
SR2=B0011
Wait Data NACK

TAKT # 17219
SR1=B0100 0100
SR2=B0011
Stop sent,wData=0x39A8


----- TAKT # 405
SR1=B0000
SR2=B0000
START sent

TAKT # 2818
SR1=B0001
SR2=B0011
ADDR | W sent

TAKT # 10396
SR1=B1000 0010
SR2=B0111
COMMAND sent

TAKT # 18406
SR1=B1000 0100
SR2=B0111
RESTART sent

TAKT # 21046
SR1=B0001
SR2=B0011
ADDR | R sent

TAKT # 4271
SR1=B0010
SR2=B0011
Wait Data NACK

TAKT # 17231
SR1=B0100 0100
SR2=B0011
Stop sent,wData=0x39A8


----- TAKT # 405
SR1=B0000
SR2=B0000
START sent

TAKT # 2626
SR1=B0001
SR2=B0011
ADDR | W sent

TAKT # 10204
SR1=B1000 0010
SR2=B0111
COMMAND sent

TAKT # 18214
SR1=B1000 0100
SR2=B0111
RESTART sent

TAKT # 20854
SR1=B0001
SR2=B0011
ADDR | R sent

TAKT # 4031
SR1=B0010
SR2=B0011
Wait Data NACK

TAKT # 16991
SR1=B0100 0100
SR2=B0011
Stop sent,wData=0x39A8


----- TAKT # 405
SR1=B0000
SR2=B0000
START sent

TAKT # 2824
SR1=B0001
SR2=B0011
ADDR | W sent

TAKT # 10402
SR1=B1000 0010
SR2=B0111
COMMAND sent

TAKT # 18412
SR1=B1000 0100
SR2=B0111
RESTART sent

TAKT # 21052
SR1=B0001
SR2=B0011
ADDR | R sent

TAKT # 4178
SR1=B0010
SR2=B0011
Wait Data NACK

TAKT # 17138
SR1=B0100 0100
SR2=B0011
Stop sent,wData=0x39A8


----- TAKT # 405
SR1=B0000
SR2=B0000
START sent

TAKT # 2746
SR1=B0001
SR2=B0011
ADDR | W sent

TAKT # 10324
SR1=B1000 0010
SR2=B0111
COMMAND sent

TAKT # 18334
SR1=B1000 0100
SR2=B0111
RESTART sent

TAKT # 20974
SR1=B0001
SR2=B0011
ADDR | R sent

TAKT # 4052
SR1=B0010
SR2=B0011
Wait Data NACK

TAKT # 17012
SR1=B0100 0100
SR2=B0011
Stop sent,wData=0x39A8


----- TAKT # 405
SR1=B0000
SR2=B0000
START sent

TAKT # 2824
SR1=B0001
SR2=B0011
ADDR | W sent

TAKT # 10402
SR1=B1000 0010
SR2=B0111
COMMAND sent

TAKT # 18412
SR1=B1000 0100
SR2=B0111
RESTART sent

TAKT # 21052
SR1=B0001
SR2=B0011
ADDR | R sent

TAKT # 4073
SR1=B0010
SR2=B0011
Wait Data NACK

TAKT # 17033
SR1=B0100 0100
SR2=B0011
Stop sent,wData=0x39A8


----- TAKT # 405
SR1=B0000
SR2=B0000
START sent

TAKT # 2626
SR1=B0001
SR2=B0011
ADDR | W sent

TAKT # 10204
SR1=B1000 0010
SR2=B0111
COMMAND sent

TAKT # 18214
SR1=B1000 0100
SR2=B0111
RESTART sent

TAKT # 20854
SR1=B0001
SR2=B0011
ADDR | R sent

TAKT # 3821
SR1=B0010
SR2=B0011
Wait Data NACK

TAKT # 16781
SR1=B0100 0100
SR2=B0011
Stop sent,wData=0x39A8


----- TAKT # 405
SR1=B0000
SR2=B0000
START sent

TAKT # 2818
SR1=B0001
SR2=B0011
ADDR | W sent

TAKT # 10396
SR1=B1000 0010
SR2=B0111
COMMAND sent

TAKT # 18406
SR1=B1000 0100
SR2=B0111
RESTART sent

TAKT # 21046
SR1=B0001
SR2=B0011
ADDR | R sent

TAKT # 3959
SR1=B0010
SR2=B0011
Wait Data NACK

TAKT # 16919
SR1=B0100 0100
SR2=B0011
Stop sent,wData=0x39AE


----- TAKT # 405
SR1=B0000
SR2=B0000
START sent

TAKT # 2746
SR1=B0001
SR2=B0011
ADDR | W sent

TAKT # 10324
SR1=B1000 0010
SR2=B0111
COMMAND sent

TAKT # 18334
SR1=B1000 0100
SR2=B0111
RESTART sent

TAKT # 20974
SR1=B0001
SR2=B0011
ADDR | R sent


---------
Time=5866
ISTR=B0010 0000 0000
FNR=B1010 0110 0110 0101
Buffer->PMA[1] 4 b: 0x1 0x3 0xA9 0x8 

TAKT # 5684
SR1=B0010
SR2=B0011
Wait Data NACK

TAKT # 18356
SR1=B0100 0100
SR2=B0011
Stop sent,wData=0x39AE


---------
Time=5869
ISTR=B0010 0000 0000
FNR=B1010 0110 0110 1000
EP=B0011 0110 1010 0001
TX complete EP[1]  End TX 


----- TAKT # 405
SR1=B0000
SR2=B0000
START sent

TAKT # 2824
SR1=B0001
SR2=B0011
ADDR | W sent

TAKT # 10402
SR1=B1000 0010
SR2=B0111
COMMAND sent

TAKT # 18412
SR1=B1000 0100
SR2=B0111
RESTART sent

TAKT # 21052
SR1=B0001
SR2=B0011
ADDR | R sent

TAKT # 3863
SR1=B0010
SR2=B0011
Wait Data NACK

TAKT # 16823
SR1=B0100 0100
SR2=B0011
Stop sent,wData=0x39AE


----- TAKT # 405
SR1=B0000
SR2=B0000
START sent

TAKT # 2746
SR1=B0001
SR2=B0011
ADDR | W sent

TAKT # 10324
SR1=B1000 0010
SR2=B0111
COMMAND sent

TAKT # 18334
SR1=B1000 0100
SR2=B0111
RESTART sent

TAKT # 20974
SR1=B0001
SR2=B0011
ADDR | R sent

TAKT # 3737
SR1=B0010
SR2=B0011
Wait Data NACK

TAKT # 16697
SR1=B0100 0100
SR2=B0011
Stop sent,wData=0x39AE


----- TAKT # 405
SR1=B0000
SR2=B0000
START sent

TAKT # 2818
SR1=B0001
SR2=B0011
ADDR | W sent

TAKT # 10396
SR1=B1000 0010
SR2=B0111
COMMAND sent

TAKT # 18406
SR1=B1000 0100
SR2=B0111
RESTART sent

TAKT # 21046
SR1=B0001
SR2=B0011
ADDR | R sent

TAKT # 3746
SR1=B0010
SR2=B0011
Wait Data NACK

TAKT # 16706
SR1=B0100 0100
SR2=B0011
Stop sent,wData=0x39AE


----- TAKT # 405
SR1=B0000
SR2=B0000
START sent

TAKT # 2626
SR1=B0001
SR2=B0011
ADDR | W sent

TAKT # 10204
SR1=B1000 0010
SR2=B0111
COMMAND sent

TAKT # 18214
SR1=B1000 0100
SR2=B0111
RESTART sent

TAKT # 20854
SR1=B0001
SR2=B0011
ADDR | R sent

TAKT # 3512
SR1=B0010
SR2=B0011
Wait Data NACK

TAKT # 16472
SR1=B0100 0100
SR2=B0011
Stop sent,wData=0x39AE


----- TAKT # 405
SR1=B0000
SR2=B0000
START sent

TAKT # 2824
SR1=B0001
SR2=B0011
ADDR | W sent

TAKT # 10402
SR1=B1000 0010
SR2=B0111
COMMAND sent

TAKT # 18412
SR1=B1000 0100
SR2=B0111
RESTART sent

TAKT # 21052
SR1=B0001
SR2=B0011
ADDR | R sent

TAKT # 3650
SR1=B0010
SR2=B0011
Wait Data NACK

TAKT # 16610
SR1=B0100 0100
SR2=B0011
Stop sent,wData=0x39AE


----- TAKT # 405
SR1=B0000
SR2=B0000
START sent

TAKT # 2746
SR1=B0001
SR2=B0011
ADDR | W sent

TAKT # 10324
SR1=B1000 0010
SR2=B0111
COMMAND sent

TAKT # 18334
SR1=B1000 0100
SR2=B0111
RESTART sent

TAKT # 20974
SR1=B0001
SR2=B0011
ADDR | R sent

TAKT # 3527
SR1=B0010
SR2=B0011
Wait Data NACK

TAKT # 16487
SR1=B0100 0100
SR2=B0011
Stop sent,wData=0x39AE


----- TAKT # 405
SR1=B0000
SR2=B0000
START sent

TAKT # 2824
SR1=B0001
SR2=B0011
ADDR | W sent

TAKT # 10402
SR1=B1000 0010
SR2=B0111
COMMAND sent

TAKT # 18412
SR1=B1000 0100
SR2=B0111
RESTART sent

TAKT # 21052
SR1=B0001
SR2=B0011
ADDR | R sent

TAKT # 3545
SR1=B0010
SR2=B0011
Wait Data NACK

TAKT # 16505
SR1=B0100 0100
SR2=B0011
Stop sent,wData=0x39AE


----- TAKT # 405
SR1=B0000
SR2=B0000
START sent

TAKT # 2626
SR1=B0001
SR2=B0011
ADDR | W sent

TAKT # 10204
SR1=B1000 0010
SR2=B0111
COMMAND sent

TAKT # 18214
SR1=B1000 0100
SR2=B0111
RESTART sent

TAKT # 20854
SR1=B0001
SR2=B0011
ADDR | R sent

TAKT # 3302
SR1=B0010
SR2=B0011
Wait Data NACK

TAKT # 16256
SR1=B0100 0100
SR2=B0011
Stop sent,wData=0x39AE


----- TAKT # 405
SR1=B0000
SR2=B0000
START sent

TAKT # 2818
SR1=B0001
SR2=B0011
ADDR | W sent

TAKT # 10396
SR1=B1000 0010
SR2=B0111
COMMAND sent

TAKT # 18406
SR1=B1000 0100
SR2=B0111
RESTART sent

TAKT # 21046
SR1=B0001
SR2=B0011
ADDR | R sent

TAKT # 3428
SR1=B0010
SR2=B0011
Wait Data NACK

TAKT # 16388
SR1=B0100 0100
SR2=B0011
Stop sent,wData=0x39A9


----- TAKT # 405
SR1=B0000
SR2=B0000
START sent

TAKT # 2746
SR1=B0001
SR2=B0011
ADDR | W sent

TAKT # 10324
SR1=B1000 0010
SR2=B0111
COMMAND sent

TAKT # 18334
SR1=B1000 0100
SR2=B0111
RESTART sent

TAKT # 20974
SR1=B0001
SR2=B0011
ADDR | R sent


---------
Time=5966
ISTR=B0010 0000 0000
FNR=B1010 0110 1100 1001
Buffer->PMA[1] 4 b: 0x1 0x3 0x9F 0x8 

TAKT # 5687
SR1=B0010
SR2=B0011
Wait Data NACK

TAKT # 18359
SR1=B0100 0100
SR2=B0011
Stop sent,wData=0x39A9


---------
Time=5973
ISTR=B0010 0000 0000
FNR=B1010 0110 1101 0000
EP=B0011 0110 1110 0001
TX complete EP[1]  End TX 


----- TAKT # 405
SR1=B0000
SR2=B0000
START sent

TAKT # 2818
SR1=B0001
SR2=B0011
ADDR | W sent

TAKT # 10396
SR1=B1000 0010
SR2=B0111
COMMAND sent

TAKT # 18406
SR1=B1000 0100
SR2=B0111
RESTART sent

TAKT # 21046
SR1=B0001
SR2=B0011
ADDR | R sent

TAKT # 3329
SR1=B0010
SR2=B0011
Wait Data NACK

TAKT # 16289
SR1=B0100 0100
SR2=B0011
Stop sent,wData=0x39A9


----- TAKT # 405
SR1=B0000
SR2=B0000
START sent

TAKT # 2746
SR1=B0001
SR2=B0011
ADDR | W sent

TAKT # 10324
SR1=B1000 0010
SR2=B0111
COMMAND sent

TAKT # 18334
SR1=B1000 0100
SR2=B0111
RESTART sent

TAKT # 20974
SR1=B0001
SR2=B0011
ADDR | R sent

TAKT # 3302
SR1=B0010
SR2=B0011
Wait Data NACK

TAKT # 16166
SR1=B0100 0100
SR2=B0011
Stop sent,wData=0x39A9


---------
Time=5993
ISTR=B1000 0000 0001 0000
FNR=B1010 0110 1110 0100
EP=B1110 1010 0110 0000
Received in EP[0]: 
PMA[0]->Buffer 8 b: 0xA1 0x1 0x0 0x3 0x0 0x0 0x8 0x0 
SETUP 
bmRequestType=B1010 0001
bRequest=1
wValue.H= 3
wValue.L= 0
wIndex= 0
wLength= 8
CLASS HID GET REPORT FEATURE
Buffer->PMA[0] 8 b: 0xA 0x0 0xA 0x0 0x98 0x3A 0x60 0xF0 
Start TX 8 b 


---------
Time=5993
ISTR=B1000 0000 0001 0000
FNR=B1010 0110 1110 0100
EP=B1010 0010 1010 0000
Received in EP[0]: 
PMA[0]->Buffer 0 b: 
TX complete EP[0]  End TX 


---------
Time=5994
ISTR=B0010 0000 0000
FNR=B0110 0110 1110 0101
EP=B1110 1010 0110 0000
Received in EP[0]: 
PMA[0]->Buffer 8 b: 0x21 0x9 0x0 0x3 0x0 0x0 0x8 0x0 
SETUP 
bmRequestType=B0010 0001
bRequest=9
wValue.H= 3
wValue.L= 0
wIndex= 0
wLength= 8
Assembing transaction


---------
Time=5994
ISTR=B0010 0000 0000
FNR=B1010 0110 1110 0101
EP=B1010 0010 0110 0000
Received in EP[0]: 
PMA[0]->Buffer 8 b: 0xA 0x0 0x64 0x0 0x98 0x3A 0x60 0xF0 
CLASS HID SET_REPORT FEATURE
Start TX 0 b 


---------
Time=5994
ISTR=B0010 0000 0000
FNR=B1010 0110 1110 0101
EP=B0011 0010 1010 0000
TX complete EP[0]  End TX 


---------
Time=5994
ISTR=B0010 0000 0000
FNR=B1010 0110 1110 0101
EP=B1110 1010 0110 0000
Received in EP[0]: 
PMA[0]->Buffer 8 b: 0xA1 0x1 0x0 0x3 0x0 0x0 0x8 0x0 
SETUP 
bmRequestType=B1010 0001
bRequest=1
wValue.H= 3
wValue.L= 0
wIndex= 0
wLength= 8
CLASS HID GET REPORT FEATURE
Buffer->PMA[0] 8 b: 0xA 0x0 0x64 0x0 0x98 0x3A 0x60 0xF0 
Start TX 8 b 


---------
Time=5994
ISTR=B1000 0010 0001 0000
FNR=B1010 0110 1110 0101
EP=B1010 0010 1010 0000
Received in EP[0]: 
PMA[0]->Buffer 0 b: 
TX complete EP[0]  End TX 


----- TAKT # 405
SR1=B0000
SR2=B0000
START sent

TAKT # 2626
SR1=B0001
SR2=B0011
ADDR | W sent

TAKT # 10204
SR1=B1000 0010
SR2=B0111
COMMAND sent

TAKT # 18214
SR1=B1000 0100
SR2=B0111
RESTART sent

TAKT # 20854
SR1=B0001
SR2=B0011
ADDR | R sent

TAKT # 3305
SR1=B0010
SR2=B0011
Wait Data NACK

TAKT # 15977
SR1=B0100 0100
SR2=B0011
Stop sent,wData=0x39AE


----- TAKT # 405
SR1=B0000
SR2=B0000
START sent

TAKT # 2818
SR1=B0001
SR2=B0011
ADDR | W sent

TAKT # 10396
SR1=B1000 0010
SR2=B0111
COMMAND sent

TAKT # 18406
SR1=B1000 0100
SR2=B0111
RESTART sent

TAKT # 21046
SR1=B0001
SR2=B0011
ADDR | R sent


---------
Time=6194
ISTR=B0010 0000 0000
FNR=B1010 0111 1010 1101
Buffer->PMA[1] 4 b: 0x1 0x3 0xA9 0x8 

TAKT # 5291
SR1=B0010
SR2=B0011
Wait Data NACK

TAKT # 17963
SR1=B0100 0100
SR2=B0011
Stop sent,wData=0x39A8


---------
Time=6197
ISTR=B0010 0000 0000
FNR=B1010 0111 1011 0000
EP=B0011 0110 1010 0001
TX complete EP[1]  End TX 


----- TAKT # 405
SR1=B0000
SR2=B0000
START sent

TAKT # 2626
SR1=B0001
SR2=B0011
ADDR | W sent

TAKT # 10204
SR1=B1000 0010
SR2=B0111
COMMAND sent

TAKT # 18214
SR1=B1000 0100
SR2=B0111
RESTART sent

TAKT # 20854
SR1=B0001
SR2=B0011
ADDR | R sent


---------
Time=6294
ISTR=B0010 0000 0000
FNR=B1010 0000 0001 0001
Buffer->PMA[1] 4 b: 0x1 0x3 0x9D 0x8 

TAKT # 5687
SR1=B0010
SR2=B0011
Wait Data NACK

TAKT # 18359
SR1=B0100 0100
SR2=B0011
Stop sent,wData=0x39AB


---------
Time=6301
ISTR=B0010 0000 0000
FNR=B1010 0000 0001 1000
EP=B0011 0110 1110 0001
TX complete EP[1]  End TX 


----- TAKT # 405
SR1=B0000
SR2=B0000
START sent

TAKT # 2818
SR1=B0001
SR2=B0011
ADDR | W sent

TAKT # 10396
SR1=B1000 0010
SR2=B0111
COMMAND sent

TAKT # 18406
SR1=B1000 0100
SR2=B0111
RESTART sent

TAKT # 21046
SR1=B0001
SR2=B0011
ADDR | R sent


---------
Time=6394
ISTR=B0010 0000 0000
FNR=B1010 0000 0111 0101
Buffer->PMA[1] 4 b: 0x1 0x3 0xA3 0x8 

TAKT # 5525
SR1=B0010
SR2=B0011
Wait Data NACK

TAKT # 18197
SR1=B0100 0100
SR2=B0011
Stop sent,wData=0x39AB


---------
Time=6397
ISTR=B0010 0000 0000
FNR=B1010 0000 0111 1000
EP=B0011 0110 1010 0001
TX complete EP[1]  End TX 


----- TAKT # 405
SR1=B0000
SR2=B0000
START sent

TAKT # 2746
SR1=B0001
SR2=B0011
ADDR | W sent

TAKT # 10324
SR1=B1000 0010
SR2=B0111
COMMAND sent

TAKT # 18334
SR1=B1000 0100
SR2=B0111
RESTART sent

TAKT # 20974
SR1=B0001
SR2=B0011
ADDR | R sent

TAKT # 3302
SR1=B0010
SR2=B0011
Wait Data NACK

TAKT # 15974
SR1=B0100 0100
SR2=B0011
Stop sent,wData=0x39AF


----- TAKT # 405
SR1=B0000
SR2=B0000
START sent

TAKT # 2818
SR1=B0001
SR2=B0011
ADDR | W sent

TAKT # 10396
SR1=B1000 0010
SR2=B0111
COMMAND sent

TAKT # 18406
SR1=B1000 0100
SR2=B0111
RESTART sent

TAKT # 21046
SR1=B0001
SR2=B0011
ADDR | R sent

TAKT # 28702
SR1=B0010
SR2=B0011
Wait Data NACK


---------
Time=6594
ISTR=B0010 0000 0000
FNR=B1010 0001 0011 1101
Buffer->PMA[1] 4 b: 0x1 0x3 0xAB 0x8 

TAKT # 10997
SR1=B0100 0100
SR2=B0011
Stop sent,wData=0x39AB


---------
Time=6597
ISTR=B0010 0000 0000
FNR=B1010 0001 0100 0000
EP=B0011 0110 1110 0001
TX complete EP[1]  End TX 


----- TAKT # 405
SR1=B0000
SR2=B0000
START sent

TAKT # 2818
SR1=B0001
SR2=B0011
ADDR | W sent

TAKT # 10396
SR1=B1000 0010
SR2=B0111
COMMAND sent

TAKT # 18406
SR1=B1000 0100
SR2=B0111
RESTART sent

TAKT # 21046
SR1=B0001
SR2=B0011
ADDR | R sent

TAKT # 28702
SR1=B0010
SR2=B0011
Wait Data NACK


---------
Time=6694
ISTR=B0010 0000 0000
FNR=B1010 0001 1010 0001
Buffer->PMA[1] 4 b: 0x1 0x3 0xA3 0x8 

TAKT # 11108
SR1=B0100 0100
SR2=B0011
Stop sent,wData=0x39AE


---------
Time=6701
ISTR=B0010 0000 0000
FNR=B1010 0001 1010 1000
EP=B0011 0110 1010 0001
TX complete EP[1]  End TX 


----- TAKT # 405
SR1=B0000
SR2=B0000
START sent

TAKT # 2824
SR1=B0001
SR2=B0011
ADDR | W sent

TAKT # 10402
SR1=B1000 0010
SR2=B0111
COMMAND sent

TAKT # 18412
SR1=B1000 0100
SR2=B0111
RESTART sent

TAKT # 21052
SR1=B0001
SR2=B0011
ADDR | R sent

TAKT # 28708
SR1=B0010
SR2=B0011
Wait Data NACK


---------
Time=6794
ISTR=B0010 0000 0000
FNR=B1010 0010 0000 0101
Buffer->PMA[1] 4 b: 0x1 0x3 0xA9 0x8 

TAKT # 10997
SR1=B0100 0100
SR2=B0011
Stop sent,wData=0x39AF


---------
Time=6797
ISTR=B0010 0000 0000
FNR=B1010 0010 0000 1000
EP=B0011 0110 1110 0001
TX complete EP[1]  End TX 


----- TAKT # 405
SR1=B0000
SR2=B0000
START sent

TAKT # 2818
SR1=B0001
SR2=B0011
ADDR | W sent

TAKT # 10396
SR1=B1000 0010
SR2=B0111
COMMAND sent

TAKT # 18406
SR1=B1000 0100
SR2=B0111
RESTART sent

TAKT # 21046
SR1=B0001
SR2=B0011
ADDR | R sent

TAKT # 28702
SR1=B0010
SR2=B0011
Wait Data NACK


---------
Time=6894
ISTR=B0010 0000 0000
FNR=B1010 0010 0110 1001
Buffer->PMA[1] 4 b: 0x1 0x3 0xAB 0x8 

TAKT # 11108
SR1=B0100 0100
SR2=B0011
Stop sent,wData=0x39AE


---------
Time=6901
ISTR=B0010 0000 0000
FNR=B1010 0010 0111 0000
EP=B0011 0110 1010 0001
TX complete EP[1]  End TX 


----- TAKT # 405
SR1=B0000
SR2=B0000
START sent

TAKT # 2818
SR1=B0001
SR2=B0011
ADDR | W sent

TAKT # 10396
SR1=B1000 0010
SR2=B0111
COMMAND sent

TAKT # 18406
SR1=B1000 0100
SR2=B0111
RESTART sent

TAKT # 21046
SR1=B0001
SR2=B0011
ADDR | R sent

TAKT # 28702
SR1=B0010
SR2=B0011
Wait Data NACK


---------
Time=6994
ISTR=B0010 0000 0000
FNR=B1010 0010 1100 1101
Buffer->PMA[1] 4 b: 0x1 0x3 0xA9 0x8 

TAKT # 10997
SR1=B0100 0100
SR2=B0011
Stop sent,wData=0x39AB


---------
Time=6997
ISTR=B0010 0000 0000
FNR=B1010 0010 1101 0000
EP=B0011 0110 1110 0001
TX complete EP[1]  End TX 


----- TAKT # 405
SR1=B0000
SR2=B0000
START sent

TAKT # 2818
SR1=B0001
SR2=B0011
ADDR | W sent

TAKT # 10396
SR1=B1000 0010
SR2=B0111
COMMAND sent

TAKT # 18406
SR1=B1000 0100
SR2=B0111
RESTART sent

TAKT # 21046
SR1=B0001
SR2=B0011
ADDR | R sent

TAKT # 28702
SR1=B0010
SR2=B0011
Wait Data NACK


---------
Time=7094
ISTR=B0010 0000 0000
FNR=B1010 0011 0011 0001
Buffer->PMA[1] 4 b: 0x1 0x3 0xA3 0x8 

TAKT # 10517
SR1=B0100 0100
SR2=B0011
Stop sent,wData=0x39A9


---------
Time=7101
ISTR=B0010 0000 0000
FNR=B1010 0011 0011 1000
EP=B0011 0110 1010 0001
TX complete EP[1]  End TX 


----- TAKT # 405
SR1=B0000
SR2=B0000
START sent

TAKT # 2818
SR1=B0001
SR2=B0011
ADDR | W sent

TAKT # 10396
SR1=B1000 0010
SR2=B0111
COMMAND sent

TAKT # 18406
SR1=B1000 0100
SR2=B0111
RESTART sent

TAKT # 21046
SR1=B0001
SR2=B0011
ADDR | R sent

TAKT # 28702
SR1=B0010
SR2=B0011
Wait Data NACK


---------
Time=7194
ISTR=B0010 0000 0000
FNR=B1010 0011 1001 0101
Buffer->PMA[1] 4 b: 0x1 0x3 0x9F 0x8 

TAKT # 9992
SR1=B0100 0100
SR2=B0011
Stop sent,wData=0x39B1


---------
Time=7197
ISTR=B0010 0000 0000
FNR=B1010 0011 1001 1000
EP=B0011 0110 1110 0001
TX complete EP[1]  End TX 


----- TAKT # 405
SR1=B0000
SR2=B0000
START sent

TAKT # 2746
SR1=B0001
SR2=B0011
ADDR | W sent

TAKT # 10324
SR1=B1000 0010
SR2=B0111
COMMAND sent

TAKT # 18334
SR1=B1000 0100
SR2=B0111
RESTART sent

TAKT # 20974
SR1=B0001
SR2=B0011
ADDR | R sent

TAKT # 28630
SR1=B0010
SR2=B0011
Wait Data NACK


---------
Time=7294
ISTR=B0010 0000 0000
FNR=B1010 0011 1111 1001
Buffer->PMA[1] 4 b: 0x1 0x3 0xAF 0x8 

TAKT # 9386
SR1=B0100 0100
SR2=B0011
Stop sent,wData=0x39B1


---------
Time=7301
ISTR=B0010 0000 0000
FNR=B1010 0100 0000 0000
EP=B0011 0110 1010 0001
TX complete EP[1]  End TX 


----- TAKT # 405
SR1=B0000
SR2=B0000
START sent

TAKT # 2818
SR1=B0001
SR2=B0011
ADDR | W sent

TAKT # 10396
SR1=B1000 0010
SR2=B0111
COMMAND sent

TAKT # 18406
SR1=B1000 0100
SR2=B0111
RESTART sent

TAKT # 21046
SR1=B0001
SR2=B0011
ADDR | R sent

TAKT # 28702
SR1=B0010
SR2=B0011
Wait Data NACK

TAKT # 8837
SR1=B0100 0100
SR2=B0011
Stop sent,wData=0x39AE


----- TAKT # 405
SR1=B0000
SR2=B0000
START sent

TAKT # 2746
SR1=B0001
SR2=B0011
ADDR | W sent

TAKT # 10324
SR1=B1000 0010
SR2=B0111
COMMAND sent

TAKT # 18334
SR1=B1000 0100
SR2=B0111
RESTART sent

TAKT # 20974
SR1=B0001
SR2=B0011
ADDR | R sent

TAKT # 28630
SR1=B0010
SR2=B0011
Wait Data NACK


---------
Time=7494
ISTR=B0010 0000 0000
FNR=B1010 0100 1100 0001
Buffer->PMA[1] 4 b: 0x1 0x3 0xA9 0x8 

TAKT # 8342
SR1=B0100 0100
SR2=B0011
Stop sent,wData=0x39AC


---------
Time=7501
ISTR=B0010 0000 0000
FNR=B1010 0100 1100 1000
EP=B0011 0110 1110 0001
TX complete EP[1]  End TX 


----- TAKT # 405
SR1=B0000
SR2=B0000
START sent

TAKT # 2824
SR1=B0001
SR2=B0011
ADDR | W sent

TAKT # 10402
SR1=B1000 0010
SR2=B0111
COMMAND sent

TAKT # 18412
SR1=B1000 0100
SR2=B0111
RESTART sent

TAKT # 21052
SR1=B0001
SR2=B0011
ADDR | R sent

TAKT # 28708
SR1=B0010
SR2=B0011
Wait Data NACK


---------
Time=7594
ISTR=B0010 0000 0000
FNR=B1010 0101 0010 0101
Buffer->PMA[1] 4 b: 0x1 0x3 0xA5 0x8 

TAKT # 7895
SR1=B0100 0100
SR2=B0011
Stop sent,wData=0x39AF


---------
Time=7597
ISTR=B0010 0000 0000
FNR=B1010 0101 0010 1000
EP=B0011 0110 1010 0001
TX complete EP[1]  End TX 


----- TAKT # 405
SR1=B0000
SR2=B0000
START sent

TAKT # 2626
SR1=B0001
SR2=B0011
ADDR | W sent

TAKT # 10204
SR1=B1000 0010
SR2=B0111
COMMAND sent

TAKT # 18214
SR1=B1000 0100
SR2=B0111
RESTART sent

TAKT # 20854
SR1=B0001
SR2=B0011
ADDR | R sent

TAKT # 28510
SR1=B0010
SR2=B0011
Wait Data NACK


---------
Time=7694
ISTR=B0010 0000 0000
FNR=B1010 0101 1000 1001
Buffer->PMA[1] 4 b: 0x1 0x3 0xAB 0x8 

TAKT # 7172
SR1=B0100 0100
SR2=B0011
Stop sent,wData=0x39B1


---------
Time=7701
ISTR=B0010 0000 0000
FNR=B1010 0101 1001 0000
EP=B0011 0110 1110 0001
TX complete EP[1]  End TX 